c:\users\hyzh\source\repos\_intls\_intls\x64\release\vc143.pdb
c:\users\hyzh\source\repos\_intls\_intls\x64\release\_intls.obj
c:\users\hyzh\source\repos\_intls\x64\release\_intls.exe
c:\users\hyzh\source\repos\_intls\x64\release\_intls.pdb
c:\users\hyzh\source\repos\_intls\_intls\x64\release\icon.res
c:\users\hyzh\source\repos\_intls\x64\release\libcurl.dll
c:\users\hyzh\source\repos\_intls\x64\release\zlib1.dll
c:\users\hyzh\source\repos\_intls\_intls\x64\release\_intls.ipdb
c:\users\hyzh\source\repos\_intls\_intls\x64\release\_intls.iobj
c:\users\hyzh\source\repos\_intls\_intls\x64\release\_intls.tlog\cl.command.1.tlog
c:\users\hyzh\source\repos\_intls\_intls\x64\release\_intls.tlog\cl.items.tlog
c:\users\hyzh\source\repos\_intls\_intls\x64\release\_intls.tlog\cl.read.1.tlog
c:\users\hyzh\source\repos\_intls\_intls\x64\release\_intls.tlog\cl.write.1.tlog
c:\users\hyzh\source\repos\_intls\_intls\x64\release\_intls.tlog\link.command.1.tlog
c:\users\hyzh\source\repos\_intls\_intls\x64\release\_intls.tlog\link.read.1.tlog
c:\users\hyzh\source\repos\_intls\_intls\x64\release\_intls.tlog\link.secondary.1.tlog
c:\users\hyzh\source\repos\_intls\_intls\x64\release\_intls.tlog\link.write.1.tlog
c:\users\hyzh\source\repos\_intls\_intls\x64\release\_intls.tlog\rc.command.1.tlog
c:\users\hyzh\source\repos\_intls\_intls\x64\release\_intls.tlog\rc.read.1.tlog
c:\users\hyzh\source\repos\_intls\_intls\x64\release\_intls.tlog\rc.write.1.tlog
c:\users\hyzh\source\repos\_intls\_intls\x64\release\_intls.tlog\_intls.write.1u.tlog
